Build started 18/11/2017 16:08:36.
     1>Project "\\nstu-nas01.uwe.ac.uk\users2$\g2-pelns\Personal\Visual Studio 2015\Projects\SwarmAI\ConsoleApplication1\ConsoleApplication1.vcxproj" on node 2 (Build target(s)).
     1>ClCompile:
         C:\Program Files (x86)\Microsoft Visual Studio 14.0\VC\bin\CL.exe /c /ZI /nologo /W3 /WX- /Od /Oy- /D WIN32 /D _DEBUG /D _WINDOWS /D _UNICODE /D UNICODE /Gm /EHsc /RTC1 /MDd /GS /fp:precise /Zc:wchar_t /Zc:forScope /Zc:inline /Fo"Debug\\" /Fd"Debug\vc140.pdb" /Gd /TP /analyze- /errorReport:prompt GraphicsClass.cpp InputClass.cpp Main.cpp ModelClass.cpp SystemClass.cpp
         SystemClass.cpp
         ModelClass.cpp
     1>\\nstu-nas01.uwe.ac.uk\users2$\g2-pelns\personal\visual studio 2015\projects\swarmai\consoleapplication1\modelclass.cpp(25): warning C4101: 'result': unreferenced local variable
         Main.cpp
         InputClass.cpp
         GraphicsClass.cpp
     1>\\nstu-nas01.uwe.ac.uk\users2$\g2-pelns\personal\visual studio 2015\projects\swarmai\consoleapplication1\graphicsclass.cpp(25): warning C4316: 'D3dClass': object allocated on the heap may not be aligned 16
     1>\\nstu-nas01.uwe.ac.uk\users2$\g2-pelns\personal\visual studio 2015\projects\swarmai\consoleapplication1\graphicsclass.cpp(40): warning C4316: 'CameraClass': object allocated on the heap may not be aligned 16
         Generating Code...
       Link:
         C:\Program Files (x86)\Microsoft Visual Studio 14.0\VC\bin\link.exe /ERRORREPORT:PROMPT /OUT:"\\nstu-nas01.uwe.ac.uk\users2$\g2-pelns\Personal\Visual Studio 2015\Projects\SwarmAI\Debug\ConsoleApplication1.exe" /INCREMENTAL /NOLOGO kernel32.lib user32.lib gdi32.lib winspool.lib comdlg32.lib advapi32.lib shell32.lib ole32.lib oleaut32.lib uuid.lib odbc32.lib odbccp32.lib /MANIFEST /MANIFESTUAC:"level='asInvoker' uiAccess='false'" /manifest:embed /Debug /PDB:"\\nstu-nas01.uwe.ac.uk\users2$\g2-pelns\Personal\Visual Studio 2015\Projects\SwarmAI\Debug\ConsoleApplication1.pdb" /SUBSYSTEM:WINDOWS /TLBID:1 /DYNAMICBASE /NXCOMPAT /IMPLIB:"\\nstu-nas01.uwe.ac.uk\users2$\g2-pelns\Personal\Visual Studio 2015\Projects\SwarmAI\Debug\ConsoleApplication1.lib" /MACHINE:X86 Debug\CameraClass.obj
         Debug\ColorShaderClass.obj
         Debug\D3DClass.obj
         Debug\GraphicsClass.obj
         Debug\InputClass.obj
         Debug\Main.obj
         Debug\ModelClass.obj
         Debug\PositionClass.obj
         Debug\SystemClass.obj
         ConsoleApplication1.vcxproj -> \\nstu-nas01.uwe.ac.uk\users2$\g2-pelns\Personal\Visual Studio 2015\Projects\SwarmAI\Debug\ConsoleApplication1.exe
     1>Done Building Project "\\nstu-nas01.uwe.ac.uk\users2$\g2-pelns\Personal\Visual Studio 2015\Projects\SwarmAI\ConsoleApplication1\ConsoleApplication1.vcxproj" (Build target(s)).

Build succeeded.

Time Elapsed 00:00:06.39
