Build started 11/04/2018 16:57:23.
     1>Project "D:\AT-SwarmAI\SwarmAI\ConsoleApplication1\ConsoleApplication1.vcxproj" on node 2 (Build target(s)).
     1>ClCompile:
         C:\Program Files (x86)\Microsoft Visual Studio 14.0\VC\bin\x86_amd64\CL.exe /c /Zi /nologo /W3 /WX- /O2 /Oi /GL /D NDEBUG /D _WINDOWS /D _UNICODE /D UNICODE /Gm- /EHsc /MD /GS /Gy /fp:precise /Zc:wchar_t /Zc:forScope /Zc:inline /Fo"x64\Release\\" /Fd"x64\Release\vc140.pdb" /Gd /TP /errorReport:prompt CameraClass.cpp ColorShaderClass.cpp D3DClass.cpp GraphicsClass.cpp InputClass.cpp Main.cpp ModelClass.cpp PositionClass.cpp SystemClass.cpp
         CameraClass.cpp
         ColorShaderClass.cpp
         D3DClass.cpp
         GraphicsClass.cpp
     1>GraphicsClass.cpp(182): warning C4101: 'result': unreferenced local variable
         InputClass.cpp
         Main.cpp
         ModelClass.cpp
     1>ModelClass.cpp(261): warning C4244: 'argument': conversion from 'int' to 'float', possible loss of data
     1>ModelClass.cpp(352): warning C4305: 'initializing': truncation from 'double' to 'float'
         PositionClass.cpp
         SystemClass.cpp
       Link:
         C:\Program Files (x86)\Microsoft Visual Studio 14.0\VC\bin\x86_amd64\link.exe /ERRORREPORT:PROMPT /OUT:"D:\AT-SwarmAI\SwarmAI\x64\Release\ConsoleApplication1.exe" /INCREMENTAL:NO /NOLOGO kernel32.lib user32.lib gdi32.lib winspool.lib comdlg32.lib advapi32.lib shell32.lib ole32.lib oleaut32.lib uuid.lib odbc32.lib odbccp32.lib /MANIFEST /MANIFESTUAC:"level='asInvoker' uiAccess='false'" /manifest:embed /Debug /PDB:"D:\AT-SwarmAI\SwarmAI\x64\Release\ConsoleApplication1.pdb" /SUBSYSTEM:WINDOWS /OPT:REF /OPT:ICF /LTCG:incremental /TLBID:1 /DYNAMICBASE /NXCOMPAT /IMPLIB:"D:\AT-SwarmAI\SwarmAI\x64\Release\ConsoleApplication1.lib" /MACHINE:X64 x64\Release\CameraClass.obj
         x64\Release\ColorShaderClass.obj
         x64\Release\D3DClass.obj
         x64\Release\GraphicsClass.obj
         x64\Release\InputClass.obj
         x64\Release\Main.obj
         x64\Release\ModelClass.obj
         x64\Release\PositionClass.obj
         x64\Release\SystemClass.obj
         Generating code
         All 380 functions were compiled because no usable IPDB/IOBJ from previous compilation was found.
         Finished generating code
         ConsoleApplication1.vcxproj -> D:\AT-SwarmAI\SwarmAI\x64\Release\ConsoleApplication1.exe
     1>Done Building Project "D:\AT-SwarmAI\SwarmAI\ConsoleApplication1\ConsoleApplication1.vcxproj" (Build target(s)).

Build succeeded.

Time Elapsed 00:00:07.15
